<?xml version="1.0" encoding="UTF-8"?>
<testng-results ignored="0" total="1" passed="1" failed="0" skipped="0">
  <reporter-output>
  </reporter-output>
  <suite started-at="2021-02-15T19:06:41 IST" name="Default suite" finished-at="2021-02-15T19:06:55 IST" duration-ms="14186">
    <groups>
    </groups>
    <test started-at="2021-02-15T19:06:41 IST" name="Default test" finished-at="2021-02-15T19:06:55 IST" duration-ms="14186">
      <class name="StepDefiniton.WaitMethods">
        <test-method signature="cosmocode()[pri:0, instance:StepDefiniton.WaitMethods@4a7f959b]" started-at="2021-02-15T19:06:41 IST" name="cosmocode" finished-at="2021-02-15T19:06:55 IST" duration-ms="14128" status="PASS">
          <reporter-output>
          </reporter-output>
        </test-method> <!-- cosmocode -->
      </class> <!-- StepDefiniton.WaitMethods -->
    </test> <!-- Default test -->
  </suite> <!-- Default suite -->
</testng-results>
